<?xml version="1.0" encoding="UTF-8"?>
<testng-results skipped="0" failed="1" ignored="0" total="2" passed="1">
  <reporter-output>
  </reporter-output>
  <suite name="Default suite" duration-ms="3718" started-at="2021-05-04T23:16:00 EDT" finished-at="2021-05-04T23:16:04 EDT">
    <groups>
    </groups>
    <test name="Default test" duration-ms="3718" started-at="2021-05-04T23:16:00 EDT" finished-at="2021-05-04T23:16:04 EDT">
      <class name="dropDown.Handle.PrintAllOptions">
        <test-method status="PASS" signature="setUp()[pri:0, instance:dropDown.Handle.PrintAllOptions@32709393]" name="setUp" is-config="true" duration-ms="3039" started-at="2021-05-04T23:16:00 EDT" finished-at="2021-05-04T23:16:03 EDT">
          <reporter-output>
          </reporter-output>
        </test-method> <!-- setUp -->
        <test-method status="PASS" signature="AllOptions()[pri:0, instance:dropDown.Handle.PrintAllOptions@32709393]" name="AllOptions" duration-ms="442" started-at="2021-05-04T23:16:03 EDT" finished-at="2021-05-04T23:16:03 EDT">
          <reporter-output>
          </reporter-output>
        </test-method> <!-- AllOptions -->
        <test-method status="FAIL" signature="Assertion()[pri:1, instance:dropDown.Handle.PrintAllOptions@32709393]" name="Assertion" duration-ms="46" started-at="2021-05-04T23:16:03 EDT" finished-at="2021-05-04T23:16:03 EDT">
          <exception class="java.lang.AssertionError">
            <message>
              <![CDATA[Months do not match, expected [July] but found [August]]]>
            </message>
            <full-stacktrace>
              <![CDATA[java.lang.AssertionError: Months do not match, expected [July] but found [August]
at org.testng.Assert.fail(Assert.java:97)
at org.testng.Assert.assertEqualsImpl(Assert.java:136)
at org.testng.Assert.assertEquals(Assert.java:118)
at org.testng.Assert.assertEquals(Assert.java:575)
at dropDown.Handle.PrintAllOptions.Assertion(PrintAllOptions.java:53)
at sun.reflect.NativeMethodAccessorImpl.invoke0(Native Method)
at sun.reflect.NativeMethodAccessorImpl.invoke(NativeMethodAccessorImpl.java:62)
at sun.reflect.DelegatingMethodAccessorImpl.invoke(DelegatingMethodAccessorImpl.java:43)
at java.lang.reflect.Method.invoke(Method.java:498)
at org.testng.internal.MethodInvocationHelper.invokeMethod(MethodInvocationHelper.java:133)
at org.testng.internal.TestInvoker.invokeMethod(TestInvoker.java:584)
at org.testng.internal.TestInvoker.invokeTestMethod(TestInvoker.java:172)
at org.testng.internal.MethodRunner.runInSequence(MethodRunner.java:46)
at org.testng.internal.TestInvoker$MethodInvocationAgent.invoke(TestInvoker.java:804)
at org.testng.internal.TestInvoker.invokeTestMethods(TestInvoker.java:145)
at org.testng.internal.TestMethodWorker.invokeTestMethods(TestMethodWorker.java:146)
at org.testng.internal.TestMethodWorker.run(TestMethodWorker.java:128)
at java.util.ArrayList.forEach(ArrayList.java:1257)
at org.testng.TestRunner.privateRun(TestRunner.java:770)
at org.testng.TestRunner.run(TestRunner.java:591)
at org.testng.SuiteRunner.runTest(SuiteRunner.java:402)
at org.testng.SuiteRunner.runSequentially(SuiteRunner.java:396)
at org.testng.SuiteRunner.privateRun(SuiteRunner.java:355)
at org.testng.SuiteRunner.run(SuiteRunner.java:304)
at org.testng.SuiteRunnerWorker.runSuite(SuiteRunnerWorker.java:53)
at org.testng.SuiteRunnerWorker.run(SuiteRunnerWorker.java:96)
at org.testng.TestNG.runSuitesSequentially(TestNG.java:1180)
at org.testng.TestNG.runSuitesLocally(TestNG.java:1102)
at org.testng.TestNG.runSuites(TestNG.java:1032)
at org.testng.TestNG.run(TestNG.java:1000)
at org.testng.remote.AbstractRemoteTestNG.run(AbstractRemoteTestNG.java:115)
at org.testng.remote.RemoteTestNG.initAndRun(RemoteTestNG.java:251)
at org.testng.remote.RemoteTestNG.main(RemoteTestNG.java:77)
]]>
            </full-stacktrace>
          </exception> <!-- java.lang.AssertionError -->
          <reporter-output>
          </reporter-output>
        </test-method> <!-- Assertion -->
        <test-method status="PASS" signature="tearDown()[pri:0, instance:dropDown.Handle.PrintAllOptions@32709393]" name="tearDown" is-config="true" duration-ms="158" started-at="2021-05-04T23:16:03 EDT" finished-at="2021-05-04T23:16:04 EDT">
          <reporter-output>
          </reporter-output>
        </test-method> <!-- tearDown -->
      </class> <!-- dropDown.Handle.PrintAllOptions -->
    </test> <!-- Default test -->
  </suite> <!-- Default suite -->
</testng-results>
